<?xml version="1.0" encoding="UTF-8" ?>
<testsuites>
 <testsuite name="JavaScript addition operator" timestamp="2016-12-04T11:15:07" hostname="localhost" time="0.003" errors="0" tests="1" skipped="0" disabled="0" failures="0">
  <testcase classname="JavaScript addition operator" name="adds two numbers together" time="0.002" />
 </testsuite>
 <testsuite name="A suite" timestamp="2016-12-04T11:15:07" hostname="localhost" time="0.001" errors="0" tests="1" skipped="0" disabled="0" failures="0">
  <testcase classname="A suite" name="Tests something simple" time="0.001" />
 </testsuite>
 <testsuite name="todoController - get()" timestamp="2016-12-04T11:15:07" hostname="localhost" time="0.001" errors="0" tests="1" skipped="0" disabled="0" failures="0">
  <testcase classname="todoController - get()" name="to be an Array" time="0.001" />
 </testsuite>
</testsuites>